/*C74*/SET SCHEMA PUBLIC
CONNECT USER SA
drop table pages IF EXISTS
\u000adrop table users IF EXISTS
\u000adrop table groups IF EXISTS
\u000adrop table navigations IF EXISTS
DISCONNECT
/*C75*/SET SCHEMA PUBLIC
CONNECT USER SA
create table pages (\u000a  id INTEGER NOT NULL identity,\u000a  signature VARCHAR_IGNORECASE(20) NOT NULL,\u000a  user_id INTEGER, \u000a  active_page integer NOT NULL,\u000a  front_page integer NOT NULL,\u000a  title VARCHAR_IGNORECASE(1000),\u000a  content VARCHAR_IGNORECASE,\u000a  timestamp timestamp,\u000a  PRIMARY KEY (id))
\u000a\u000acreate table groups (\u000a  id INTEGER NOT NULL identity,\u000a  name VARCHAR_IGNORECASE(50) not null,\u000a  UNIQUE(name), PRIMARY KEY(id))
\u000a\u000acreate table users (\u000a  id INTEGER NOT NULL identity,\u000a  group_id INTEGER,\u000a  name VARCHAR_IGNORECASE(50) not null,\u000a  password varchar(30),\u000a  timestamp timestamp,\u000a  UNIQUE(name), \u000a  PRIMARY KEY(id), \u000a  FOREIGN KEY(group_id) REFERENCES groups(id))
\u000a\u000acreate table navigations (\u000a  id INTEGER NOT NULL identity,\u000a  name VARCHAR_IGNORECASE(50) not null,\u000a  content VARCHAR_IGNORECASE(1000),\u000a  UNIQUE(name), PRIMARY KEY(id))
DISCONNECT
/*C76*/SET SCHEMA PUBLIC
CONNECT USER SA
INSERT INTO PAGES VALUES(0,'s0',NULL,1,1,'Welcome','Welcome to the WikiShare application.','2009-02-19 07:04:00.000000000')
INSERT INTO PAGES VALUES(1,'s1',NULL,1,0,'Page not found','The page you requested has not been found. Pleas contact the administrator.','2009-02-19 12:34:00.000000000')
DISCONNECT
/*C77*/SET SCHEMA PUBLIC
CONNECT USER SA
/*C78*/SET SCHEMA PUBLIC
CONNECT USER SA
SET AUTOCOMMIT FALSE
DISCONNECT
/*C79*/SET SCHEMA PUBLIC
CONNECT USER SA
SET AUTOCOMMIT FALSE
INSERT INTO NAVIGATIONS VALUES(0,'test0.8469459387715134','s0')
COMMIT
DISCONNECT
/*C80*/SET SCHEMA PUBLIC
CONNECT USER SA
SET AUTOCOMMIT FALSE
SET AUTOCOMMIT TRUE
SET AUTOCOMMIT FALSE
INSERT INTO NAVIGATIONS VALUES(1,'test0.20242546435257724','s0')
COMMIT
DISCONNECT
/*C81*/SET SCHEMA PUBLIC
CONNECT USER SA
SET AUTOCOMMIT FALSE
SET AUTOCOMMIT TRUE
SET AUTOCOMMIT FALSE
INSERT INTO NAVIGATIONS VALUES(2,'test0.3552807601382585','s0')
COMMIT
DISCONNECT
/*C82*/SET SCHEMA PUBLIC
CONNECT USER SA
SET AUTOCOMMIT FALSE
SET AUTOCOMMIT TRUE
SET AUTOCOMMIT FALSE
DELETE FROM PAGES WHERE ID=0
INSERT INTO PAGES VALUES(0,'s0',NULL,0,1,'Welcome','Welcome to the WikiShare application.','2009-02-19 07:04:00.000000000')
INSERT INTO PAGES VALUES(2,'s0',-1,1,1,'Welcome 2','<p>Welcome to the WikiShare application.</p>','2009-07-18 00:35:46.416000000')
COMMIT
INSERT INTO USERS VALUES(0,NULL,'adam','da39a3ee5e6b4bd3255bfef95601890afd879',NULL)
COMMIT
